2017-03-07 12:56:04,098   [ INFO ]   [4644]debug::__init__:51 #   :::::::::::::::::::: Logger created ::::::::::::::::::::
2017-03-07 12:59:27,172   [ INFO ]   [3332]debug::__init__:51 #   :::::::::::::::::::: Logger created ::::::::::::::::::::
2017-03-07 13:00:21,639   [ INFO ]   [5636]debug::__init__:51 #   :::::::::::::::::::: Logger created ::::::::::::::::::::
2017-03-07 13:02:18,681   [ INFO ]   [5424]debug::__init__:51 #   :::::::::::::::::::: Logger created ::::::::::::::::::::
2017-03-07 13:03:12,613   [ INFO ]   [3340]debug::__init__:51 #   :::::::::::::::::::: Logger created ::::::::::::::::::::
2017-03-07 13:03:15,710   [ ERROR ]   [3340]Analyzer::calculatePattern:31 #   string indices must be integers
2017-03-07 13:11:06,497   [ INFO ]   [3420]debug::__init__:51 #   :::::::::::::::::::: Logger created ::::::::::::::::::::
2017-03-07 13:11:09,623   [ ERROR ]   [3420]Analyzer::calculatePattern:30 #   string indices must be integers
2017-03-07 13:17:24,559   [ INFO ]   [4544]debug::__init__:51 #   :::::::::::::::::::: Logger created ::::::::::::::::::::
2017-03-07 13:17:27,726   [ ERROR ]   [4544]DictObj::__getitem__:55 #   Invalid key '__deepcopy__' of object '{'pattern': [{'regex': 'time=[\\d]+ms', 'name': 'time', 'code': '3'}, {'regex': 'TTL=[\\d]+', 'name': 'TTL', 'code': '2'}]}'
2017-03-07 13:17:27,727   [ ERROR ]   [4544]DictObj::__getitem__:55 #   Invalid key '__getstate__' of object '{'pattern': [{'regex': 'time=[\\d]+ms', 'name': 'time', 'code': '3'}, {'regex': 'TTL=[\\d]+', 'name': 'TTL', 'code': '2'}]}'
2017-03-07 13:18:00,742   [ INFO ]   [5256]debug::__init__:51 #   :::::::::::::::::::: Logger created ::::::::::::::::::::
2017-03-07 13:22:09,614   [ INFO ]   [2460]debug::__init__:51 #   :::::::::::::::::::: Logger created ::::::::::::::::::::
2017-03-07 13:41:58,892   [ INFO ]   [1152]debug::__init__:51 #   :::::::::::::::::::: Logger created ::::::::::::::::::::
2017-03-07 13:44:13,625   [ INFO ]   [2864]debug::__init__:51 #   :::::::::::::::::::: Logger created ::::::::::::::::::::
2017-03-07 13:46:20,277   [ INFO ]   [3748]debug::__init__:51 #   :::::::::::::::::::: Logger created ::::::::::::::::::::
2017-03-07 14:13:21,824   [ INFO ]   [2400]debug::__init__:51 #   :::::::::::::::::::: Logger created ::::::::::::::::::::
2017-03-07 14:48:27,620   [ INFO ]   [2128]debug::__init__:51 #   :::::::::::::::::::: Logger created ::::::::::::::::::::
2017-03-07 14:57:25,755   [ INFO ]   [2076]debug::__init__:51 #   :::::::::::::::::::: Logger created ::::::::::::::::::::
2017-03-07 14:59:53,527   [ INFO ]   [5364]debug::__init__:51 #   :::::::::::::::::::: Logger created ::::::::::::::::::::
2017-03-07 15:04:43,299   [ INFO ]   [3304]debug::__init__:51 #   :::::::::::::::::::: Logger created ::::::::::::::::::::
2017-03-07 15:14:55,040   [ INFO ]   [3324]debug::__init__:51 #   :::::::::::::::::::: Logger created ::::::::::::::::::::
2017-03-07 15:16:06,586   [ INFO ]   [5180]debug::__init__:51 #   :::::::::::::::::::: Logger created ::::::::::::::::::::
2017-03-07 15:16:06,587   [ ERROR ]   [5180]DictObj::__getitem__:55 #   Invalid key 'LaunchCommand' of object '{'launchCommand': 'ping google.com', 'output': {'outputDir': './output', 'outputFileNAmePattern': 'stdout {}'}, 'report': {'reportDir': './report', 'reportFileNAmePattern': 'report {}'}, 'pattern': [{'regex': 'time=[\\d]+ms', 'name': 't', 'code': '23'}, {'regex': 'TTL=[\\d]+', 'name': 'T', 'code': '22'}]}'
2017-03-07 15:16:40,180   [ INFO ]   [2100]debug::__init__:51 #   :::::::::::::::::::: Logger created ::::::::::::::::::::
2017-03-07 15:20:28,867   [ INFO ]   [5644]debug::__init__:51 #   :::::::::::::::::::: Logger created ::::::::::::::::::::
2017-03-07 15:21:18,398   [ INFO ]   [2248]debug::__init__:51 #   :::::::::::::::::::: Logger created ::::::::::::::::::::
2017-03-07 15:36:17,299   [ INFO ]   [5348]debug::__init__:51 #   :::::::::::::::::::: Logger created ::::::::::::::::::::
2017-03-07 15:38:00,244   [ INFO ]   [6052]debug::__init__:51 #   :::::::::::::::::::: Logger created ::::::::::::::::::::
2017-03-07 15:48:32,001   [ INFO ]   [1148]debug::__init__:51 #   :::::::::::::::::::: Logger created ::::::::::::::::::::
2017-03-07 15:49:46,594   [ INFO ]   [5440]debug::__init__:51 #   :::::::::::::::::::: Logger created ::::::::::::::::::::
2017-03-09 10:13:36,974   [ INFO ]   [5136]debug::__init__:51 #   :::::::::::::::::::: Logger created ::::::::::::::::::::
2017-03-09 11:37:36,424   [ INFO ]   [5680]debug::__init__:51 #   :::::::::::::::::::: Logger created ::::::::::::::::::::
2017-03-09 11:38:33,791   [ INFO ]   [1360]debug::__init__:51 #   :::::::::::::::::::: Logger created ::::::::::::::::::::
2017-03-09 12:55:07,766   [ INFO ]   [6080]debug::__init__:51 #   :::::::::::::::::::: Logger created ::::::::::::::::::::
2017-03-09 12:57:08,622   [ INFO ]   [5540]debug::__init__:51 #   :::::::::::::::::::: Logger created ::::::::::::::::::::
2017-03-09 12:57:41,100   [ INFO ]   [1576]debug::__init__:51 #   :::::::::::::::::::: Logger created ::::::::::::::::::::
2017-03-09 13:00:02,392   [ INFO ]   [2772]debug::__init__:51 #   :::::::::::::::::::: Logger created ::::::::::::::::::::
2017-03-09 13:00:15,301   [ INFO ]   [4100]debug::__init__:51 #   :::::::::::::::::::: Logger created ::::::::::::::::::::
2017-03-09 13:03:10,830   [ INFO ]   [5776]debug::__init__:51 #   :::::::::::::::::::: Logger created ::::::::::::::::::::
2017-03-09 13:03:10,835   [ ERROR ]   [5776]StdoutData::getOutputData:35 #   'NoneType' object is not iterable
2017-03-09 13:03:10,837   [ ERROR ]   [5776]Helper::getAllMatches:81 #   expected string or bytes-like object
2017-03-09 13:03:10,837   [ ERROR ]   [5776]Analyzer::calculatePattern:28 #   object of type 'NoneType' has no len()
2017-03-09 13:03:10,838   [ ERROR ]   [5776]Helper::getAllMatches:81 #   expected string or bytes-like object
2017-03-09 13:03:10,839   [ ERROR ]   [5776]Analyzer::calculatePattern:28 #   object of type 'NoneType' has no len()
2017-03-09 13:47:34,674   [ INFO ]   [6636]debug::__init__:51 #   :::::::::::::::::::: Logger created ::::::::::::::::::::
2017-03-09 13:47:43,051   [ INFO ]   [6724]debug::__init__:51 #   :::::::::::::::::::: Logger created ::::::::::::::::::::
2017-03-09 13:48:44,743   [ INFO ]   [5212]debug::__init__:51 #   :::::::::::::::::::: Logger created ::::::::::::::::::::
2017-03-09 13:49:05,783   [ INFO ]   [7128]debug::__init__:51 #   :::::::::::::::::::: Logger created ::::::::::::::::::::
2017-03-09 13:49:05,786   [ ERROR ]   [7128]Helper::jsonParser:39 #   File 'user' don't exist
2017-03-09 13:49:05,786   [ ERROR ]   [7128]Helper::dictMerger:69 #   'NoneType' object is not a mapping
2017-03-09 13:53:56,211   [ INFO ]   [6884]debug::__init__:51 #   :::::::::::::::::::: Logger created ::::::::::::::::::::
2017-03-09 13:53:56,214   [ ERROR ]   [6884]Helper::jsonParser:41 #   File 'user' don't exist
2017-03-09 13:53:56,215   [ ERROR ]   [6884]Helper::dictMerger:71 #   'NoneType' object is not a mapping
2017-03-09 13:56:04,522   [ INFO ]   [6872]debug::__init__:51 #   :::::::::::::::::::: Logger created ::::::::::::::::::::
2017-03-09 13:56:04,522   [ ERROR ]   [6872]Helper::jsonParser:41 #   File 'D:\PyProject\setterdog\src\user_confg3.json' don't exist
2017-03-09 13:56:04,522   [ ERROR ]   [6872]Helper::dictMerger:71 #   'NoneType' object is not a mapping
2017-03-09 13:56:16,142   [ INFO ]   [6668]debug::__init__:51 #   :::::::::::::::::::: Logger created ::::::::::::::::::::
2017-03-09 13:59:21,729   [ INFO ]   [980]debug::__init__:51 #   :::::::::::::::::::: Logger created ::::::::::::::::::::
2017-03-09 13:59:22,842   [ ERROR ]   [980]Helper::jsonParser:41 #   File 'D:\PyProject\setterdog\src\user_confg3.json' don't exist
2017-03-09 14:15:33,296   [ INFO ]   [6324]debug::__init__:51 #   :::::::::::::::::::: Logger created ::::::::::::::::::::
2017-03-09 14:15:33,297   [ ERROR ]   [6324]Helper::jsonParser:41 #   File 'D:\PyProject\setterdog\src\user_confg3.json' don't exist
2017-03-09 14:17:57,245   [ INFO ]   [7160]debug::__init__:51 #   :::::::::::::::::::: Logger created ::::::::::::::::::::
2017-03-09 16:14:29,027   [ INFO ]   [6644]debug::__init__:51 #   :::::::::::::::::::: Logger created ::::::::::::::::::::
2017-03-09 16:14:41,463   [ INFO ]   [1360]debug::__init__:51 #   :::::::::::::::::::: Logger created ::::::::::::::::::::
2017-03-09 16:14:41,465   [ ERROR ]   [1360]Helper::jsonParser:41 #   File './default_config3.json' don't exist
2017-03-09 16:48:16,602   [ INFO ]   [4220]debug::__init__:51 #   :::::::::::::::::::: Logger created ::::::::::::::::::::
2017-03-09 17:00:48,642   [ INFO ]   [5984]debug::__init__:51 #   :::::::::::::::::::: Logger created ::::::::::::::::::::
2017-03-09 17:00:48,645   [ ERROR ]   [5984]Helper::jsonParser:41 #   File 'user_config3.json' don't exist
2017-03-09 17:01:11,979   [ INFO ]   [1040]debug::__init__:51 #   :::::::::::::::::::: Logger created ::::::::::::::::::::
2017-03-09 17:03:19,334   [ INFO ]   [5644]debug::__init__:51 #   :::::::::::::::::::: Logger created ::::::::::::::::::::
2017-03-09 17:03:19,337   [ ERROR ]   [5644]DictObj::__getitem__:55 #   Invalid key '_user_config' of object '{'_default_config': {'launchCommand': '', 'output': {'outputDir': './output', 'outputFileNamePattern': 'stdout {date:%d %b %Y %H-%M-%S}'}, 'report': {'reportDir': './report', 'reportFileNamePattern': 'report {date:%d %b %Y %H-%M-%S}'}, 'pattern': [{'regex': 'time=[\\d]+ms', 'name': 'time', 'code': '3'}, {'regex': 'TTL=[\\d]+', 'name': 'TTL', 'code': '2'}]}}'
2017-03-09 17:10:37,020   [ INFO ]   [5612]debug::__init__:51 #   :::::::::::::::::::: Logger created ::::::::::::::::::::
2017-03-09 17:10:37,023   [ ERROR ]   [5612]DictObj::__getitem__:55 #   Invalid key '_user_config' of object '{'_default_config': {'launchCommand': '', 'output': {'outputDir': './output', 'outputFileNamePattern': 'stdout {date:%d %b %Y %H-%M-%S}'}, 'report': {'reportDir': './report', 'reportFileNamePattern': 'report {date:%d %b %Y %H-%M-%S}'}, 'pattern': [{'regex': 'time=[\\d]+ms', 'name': 'time', 'code': '3'}, {'regex': 'TTL=[\\d]+', 'name': 'TTL', 'code': '2'}]}}'
2017-03-09 17:22:59,006   [ INFO ]   [6928]debug::__init__:51 #   :::::::::::::::::::: Logger created ::::::::::::::::::::
2017-03-09 17:22:59,008   [ ERROR ]   [6928]DictObj::__getitem__:55 #   Invalid key '_user_config' of object '{'_default_config': {'launchCommand': '', 'output': {'outputDir': './output', 'outputFileNamePattern': 'stdout {date:%d %b %Y %H-%M-%S}'}, 'report': {'reportDir': './report', 'reportFileNamePattern': 'report {date:%d %b %Y %H-%M-%S}'}, 'pattern': [{'regex': 'time=[\\d]+ms', 'name': 'time', 'code': '3'}, {'regex': 'TTL=[\\d]+', 'name': 'TTL', 'code': '2'}]}}'
2017-03-09 17:33:07,235   [ INFO ]   [3740]debug::__init__:51 #   :::::::::::::::::::: Logger created ::::::::::::::::::::
2017-03-09 17:33:07,238   [ ERROR ]   [3740]DictObj::__getitem__:55 #   Invalid key '_user_config' of object '{'_default_config': {'launchCommand': '', 'output': {'outputDir': './output', 'outputFileNamePattern': 'stdout {date:%d %b %Y %H-%M-%S}'}, 'report': {'reportDir': './report', 'reportFileNamePattern': 'report {date:%d %b %Y %H-%M-%S}'}, 'pattern': [{'regex': 'time=[\\d]+ms', 'name': 'time', 'code': '3'}, {'regex': 'TTL=[\\d]+', 'name': 'TTL', 'code': '2'}]}}'
2017-03-09 17:34:04,978   [ INFO ]   [5356]debug::__init__:51 #   :::::::::::::::::::: Logger created ::::::::::::::::::::
2017-03-09 17:42:48,463   [ INFO ]   [5984]debug::__init__:51 #   :::::::::::::::::::: Logger created ::::::::::::::::::::
2017-03-10 09:38:31,917   [ INFO ]   [5464]debug::__init__:51 #   :::::::::::::::::::: Logger created ::::::::::::::::::::
2017-03-10 09:38:40,517   [ INFO ]   [5428]debug::__init__:51 #   :::::::::::::::::::: Logger created ::::::::::::::::::::
2017-03-10 12:26:15,680   [ INFO ]   [6108]debug::__init__:51 #   :::::::::::::::::::: Logger created ::::::::::::::::::::
2017-03-10 12:26:15,682   [ ERROR ]   [6108]Helper::parseJson:41 #   File 'D:\PyProject\setterdog\current.json' don't exist
2017-03-10 12:26:15,684   [ ERROR ]   [6108]Helper::parseJson:41 #   File 'setterdog\src\default_config3.json' don't exist
2017-03-10 12:26:15,685   [ ERROR ]   [6108]Helper::MergeDict:73 #   'NoneType' object is not a mapping
2017-03-10 12:28:07,384   [ INFO ]   [4844]debug::__init__:51 #   :::::::::::::::::::: Logger created ::::::::::::::::::::
2017-03-10 12:28:07,389   [ ERROR ]   [4844]Helper::parseJson:41 #   File 'D:\PyProject\setterdog\current.json' don't exist
2017-03-10 12:28:07,392   [ ERROR ]   [4844]Helper::parseJson:41 #   File 'setterdog\src\default_config3.json' don't exist
2017-03-10 12:28:07,395   [ ERROR ]   [4844]Helper::MergeDict:73 #   'NoneType' object is not a mapping
2017-03-10 12:29:17,473   [ INFO ]   [2488]debug::__init__:51 #   :::::::::::::::::::: Logger created ::::::::::::::::::::
2017-03-10 12:29:17,473   [ ERROR ]   [2488]Helper::parseJson:41 #   File 'D:\PyProject\setterdog\current.json' don't exist
2017-03-10 12:29:17,473   [ ERROR ]   [2488]Helper::parseJson:41 #   File 'setterdog\src\default_config3.json' don't exist
2017-03-10 12:29:17,473   [ ERROR ]   [2488]Helper::MergeDict:73 #   'NoneType' object is not a mapping
2017-03-10 12:29:17,477   [ ERROR ]   [2488]Helper::MergeDict:73 #   'NoneType' object is not a mapping
2017-03-10 12:29:22,219   [ INFO ]   [4204]debug::__init__:51 #   :::::::::::::::::::: Logger created ::::::::::::::::::::
2017-03-10 12:29:37,989   [ ERROR ]   [4204]Helper::parseJson:41 #   File 'D:\PyProject\setterdog\current.json' don't exist
2017-03-10 12:30:41,358   [ INFO ]   [5972]debug::__init__:51 #   :::::::::::::::::::: Logger created ::::::::::::::::::::
2017-03-10 12:30:59,304   [ ERROR ]   [5972]Helper::parseJson:41 #   File 'D:\PyProject\setterdog\current.json' don't exist
2017-03-10 12:35:57,687   [ INFO ]   [5460]debug::__init__:51 #   :::::::::::::::::::: Logger created ::::::::::::::::::::
2017-03-10 12:36:06,214   [ ERROR ]   [5460]Helper::parseJson:41 #   File 'D:\PyProject\setterdog\current.json' don't exist
2017-03-10 12:38:09,670   [ INFO ]   [5316]debug::__init__:51 #   :::::::::::::::::::: Logger created ::::::::::::::::::::
2017-03-10 12:38:18,517   [ ERROR ]   [5316]Helper::parseJson:41 #   File 'D:\PyProject\setterdog\current.json' don't exist
2017-03-10 12:39:05,996   [ ERROR ]   [5316]Helper::parseJson:41 #   File 'setterdog\src\default_config3.json' don't exist
2017-03-10 12:44:16,979   [ INFO ]   [3876]debug::__init__:51 #   :::::::::::::::::::: Logger created ::::::::::::::::::::
2017-03-10 12:44:33,237   [ ERROR ]   [3876]Helper::parseJson:41 #   File 'D:\PyProject\setterdog\current.json' don't exist
2017-03-10 12:45:50,061   [ INFO ]   [1036]debug::__init__:51 #   :::::::::::::::::::: Logger created ::::::::::::::::::::
2017-03-10 12:45:50,061   [ ERROR ]   [1036]Helper::parseJson:41 #   File 'D:\PyProject\setterdog\current.json' don't exist
2017-03-10 12:45:50,061   [ ERROR ]   [1036]Helper::parseJson:41 #   File 'setterdog\src\default_config3.json' don't exist
2017-03-10 12:45:50,061   [ ERROR ]   [1036]Helper::MergeDict:73 #   'NoneType' object is not a mapping
2017-03-10 12:45:50,062   [ ERROR ]   [1036]Helper::MergeDict:73 #   'NoneType' object is not a mapping
2017-03-10 12:47:14,164   [ INFO ]   [5704]debug::__init__:51 #   :::::::::::::::::::: Logger created ::::::::::::::::::::
2017-03-10 12:47:24,861   [ ERROR ]   [5704]Helper::parseJson:41 #   File 'D:\PyProject\setterdog\current.json' don't exist
2017-03-10 12:59:42,545   [ INFO ]   [5952]debug::__init__:51 #   :::::::::::::::::::: Logger created ::::::::::::::::::::
2017-03-10 12:59:42,546   [ ERROR ]   [5952]Helper::parseJson:41 #   File 'D:\PyProject\setterdog\current.json' don't exist
2017-03-10 12:59:42,548   [ ERROR ]   [5952]Helper::parseJson:41 #   File 'setterdog\src\default_config3.json' don't exist
2017-03-10 12:59:42,550   [ ERROR ]   [5952]Helper::MergeDict:73 #   'NoneType' object is not a mapping
2017-03-10 12:59:42,552   [ ERROR ]   [5952]Helper::MergeDict:73 #   'NoneType' object is not a mapping
2017-03-10 13:00:05,141   [ INFO ]   [2220]debug::__init__:51 #   :::::::::::::::::::: Logger created ::::::::::::::::::::
2017-03-10 13:00:09,450   [ ERROR ]   [2220]Helper::parseJson:41 #   File 'D:\PyProject\setterdog\current.json' don't exist
2017-03-10 13:00:49,483   [ ERROR ]   [2220]Helper::parseJson:41 #   File 'setterdog\src\default_config3.json' don't exist
2017-03-10 13:40:24,302   [ INFO ]   [5100]debug::__init__:51 #   :::::::::::::::::::: Logger created ::::::::::::::::::::
2017-03-10 13:40:24,305   [ ERROR ]   [5100]Helper::parseJson:41 #   File 'D:\PyProject\setterdog\current.json' don't exist
2017-03-10 13:40:24,306   [ ERROR ]   [5100]Helper::parseJson:41 #   File 'setterdog\src\default_config3.json' don't exist
2017-03-10 13:40:24,308   [ ERROR ]   [5100]DictObj::__getitem__:65 #   Invalid key 'pattern' of object '{'launchCommand': 'dir'}'
2017-03-10 13:43:30,926   [ INFO ]   [5196]debug::__init__:51 #   :::::::::::::::::::: Logger created ::::::::::::::::::::
2017-03-10 13:43:30,929   [ ERROR ]   [5196]Helper::parseJson:41 #   File 'D:\PyProject\setterdog\current.json' don't exist
2017-03-10 13:43:51,831   [ INFO ]   [2024]debug::__init__:51 #   :::::::::::::::::::: Logger created ::::::::::::::::::::
2017-03-10 13:43:51,834   [ ERROR ]   [2024]Helper::parseJson:41 #   File 's\src\default_config3.json' don't exist
2017-03-10 13:43:51,835   [ CRITICAL ]   [2024]Configuration::__init__:19 #   Default config doesn't exist
2017-03-10 13:43:51,836   [ ERROR ]   [2024]Helper::parseJson:41 #   File 'D:\PyProject\setterdog\current.json' don't exist
2017-03-10 13:43:51,837   [ ERROR ]   [2024]DictObj::__getitem__:65 #   Invalid key 'pattern' of object '{'launchCommand': 'dir'}'
2017-03-10 13:44:08,488   [ INFO ]   [5196]debug::__init__:51 #   :::::::::::::::::::: Logger created ::::::::::::::::::::
2017-03-10 13:44:08,490   [ ERROR ]   [5196]Helper::parseJson:41 #   File 's\src\default_config3.json' don't exist
2017-03-10 13:44:08,491   [ CRITICAL ]   [5196]Configuration::__init__:19 #   Default config doesn't exist
2017-03-10 14:26:24,243   [ INFO ]   [3876]debug::__init__:51 #   :::::::::::::::::::: Logger created ::::::::::::::::::::
2017-03-10 14:26:32,526   [ ERROR ]   [3876]Helper::parseJson:41 #   File 'setterdog\src\default_config3.json' don't exist
2017-03-10 14:26:37,948   [ CRITICAL ]   [3876]Configuration::__init__:19 #   Default config doesn't exist
2017-03-10 14:26:50,315   [ INFO ]   [3332]debug::__init__:51 #   :::::::::::::::::::: Logger created ::::::::::::::::::::
2017-03-10 14:27:06,883   [ ERROR ]   [3332]Helper::parseJson:41 #   File 'D:\PyProject\setterdog\current.json' don't exist
2017-03-10 14:27:40,435   [ INFO ]   [4376]debug::__init__:51 #   :::::::::::::::::::: Logger created ::::::::::::::::::::
2017-03-10 14:30:16,244   [ INFO ]   [796]debug::__init__:51 #   :::::::::::::::::::: Logger created ::::::::::::::::::::
2017-03-10 14:31:37,148   [ INFO ]   [6036]debug::__init__:51 #   :::::::::::::::::::: Logger created ::::::::::::::::::::
2017-03-10 14:32:11,000   [ INFO ]   [1288]debug::__init__:51 #   :::::::::::::::::::: Logger created ::::::::::::::::::::
2017-03-10 14:33:21,407   [ INFO ]   [3080]debug::__init__:51 #   :::::::::::::::::::: Logger created ::::::::::::::::::::
2017-03-10 14:34:23,718   [ INFO ]   [5576]debug::__init__:51 #   :::::::::::::::::::: Logger created ::::::::::::::::::::
2017-03-10 14:36:34,767   [ INFO ]   [5076]debug::__init__:51 #   :::::::::::::::::::: Logger created ::::::::::::::::::::
2017-03-10 14:36:34,768   [ ERROR ]   [5076]Helper::MergeDict:73 #   'NoneType' object is not iterable
2017-03-10 14:37:12,607   [ INFO ]   [6036]debug::__init__:51 #   :::::::::::::::::::: Logger created ::::::::::::::::::::
2017-03-10 14:37:31,611   [ INFO ]   [5540]debug::__init__:51 #   :::::::::::::::::::: Logger created ::::::::::::::::::::
2017-03-10 14:37:37,062   [ INFO ]   [1228]debug::__init__:51 #   :::::::::::::::::::: Logger created ::::::::::::::::::::
2017-03-10 14:38:00,802   [ INFO ]   [5916]debug::__init__:51 #   :::::::::::::::::::: Logger created ::::::::::::::::::::
2017-03-10 14:38:09,238   [ INFO ]   [5472]debug::__init__:51 #   :::::::::::::::::::: Logger created ::::::::::::::::::::
2017-03-10 14:38:58,524   [ INFO ]   [3688]debug::__init__:51 #   :::::::::::::::::::: Logger created ::::::::::::::::::::
2017-03-10 14:38:58,525   [ ERROR ]   [3688]Helper::MergeDict:74 #   'NoneType' object is not iterable
2017-03-10 14:39:06,918   [ INFO ]   [5476]debug::__init__:51 #   :::::::::::::::::::: Logger created ::::::::::::::::::::
2017-03-10 14:40:43,275   [ INFO ]   [5148]debug::__init__:51 #   :::::::::::::::::::: Logger created ::::::::::::::::::::
2017-03-10 14:42:38,082   [ INFO ]   [5752]debug::__init__:51 #   :::::::::::::::::::: Logger created ::::::::::::::::::::
2017-03-10 14:44:53,771   [ INFO ]   [348]debug::__init__:51 #   :::::::::::::::::::: Logger created ::::::::::::::::::::
2017-03-10 14:46:10,835   [ INFO ]   [6008]debug::__init__:51 #   :::::::::::::::::::: Logger created ::::::::::::::::::::
2017-03-10 14:50:03,755   [ INFO ]   [4680]debug::__init__:51 #   :::::::::::::::::::: Logger created ::::::::::::::::::::
2017-03-10 14:50:34,038   [ INFO ]   [5000]debug::__init__:51 #   :::::::::::::::::::: Logger created ::::::::::::::::::::
2017-03-10 14:52:38,352   [ INFO ]   [728]debug::__init__:51 #   :::::::::::::::::::: Logger created ::::::::::::::::::::
2017-03-10 15:02:22,491   [ INFO ]   [5576]debug::__init__:51 #   :::::::::::::::::::: Logger created ::::::::::::::::::::
2017-03-10 15:11:57,632   [ INFO ]   [2164]debug::__init__:51 #   :::::::::::::::::::: Logger created ::::::::::::::::::::
2017-03-10 15:13:30,972   [ INFO ]   [1612]debug::__init__:51 #   :::::::::::::::::::: Logger created ::::::::::::::::::::
2017-03-10 15:22:29,245   [ INFO ]   [2488]debug::__init__:51 #   :::::::::::::::::::: Logger created ::::::::::::::::::::
2017-03-10 15:23:30,996   [ INFO ]   [5360]debug::__init__:51 #   :::::::::::::::::::: Logger created ::::::::::::::::::::
2017-03-10 15:24:45,628   [ INFO ]   [3300]debug::__init__:51 #   :::::::::::::::::::: Logger created ::::::::::::::::::::
2017-03-10 15:25:23,418   [ INFO ]   [1780]debug::__init__:51 #   :::::::::::::::::::: Logger created ::::::::::::::::::::
2017-03-10 15:27:49,674   [ INFO ]   [4484]debug::__init__:51 #   :::::::::::::::::::: Logger created ::::::::::::::::::::
2017-03-10 15:32:11,253   [ INFO ]   [5152]debug::__init__:51 #   :::::::::::::::::::: Logger created ::::::::::::::::::::
2017-03-10 15:36:25,170   [ INFO ]   [1680]debug::__init__:51 #   :::::::::::::::::::: Logger created ::::::::::::::::::::
2017-03-10 15:37:07,807   [ INFO ]   [5176]debug::__init__:51 #   :::::::::::::::::::: Logger created ::::::::::::::::::::
2017-03-10 15:37:41,074   [ INFO ]   [2976]debug::__init__:51 #   :::::::::::::::::::: Logger created ::::::::::::::::::::
2017-03-10 15:38:19,708   [ INFO ]   [6988]debug::__init__:51 #   :::::::::::::::::::: Logger created ::::::::::::::::::::
2017-03-10 15:39:25,818   [ INFO ]   [2176]debug::__init__:51 #   :::::::::::::::::::: Logger created ::::::::::::::::::::
2017-03-10 15:39:25,818   [ ERROR ]   [2176]Helper::parseJson:41 #   File 'D:\PyProject\setterdog\current.json' don't exist
2017-03-10 16:21:53,896   [ INFO ]   [7048]debug::__init__:51 #   :::::::::::::::::::: Logger created ::::::::::::::::::::
2017-03-10 16:21:53,898   [ ERROR ]   [7048]Helper::parseJson:41 #   File 'D:\PyProject\setterdog\current.json' don't exist
2017-03-10 16:22:26,458   [ INFO ]   [6840]debug::__init__:51 #   :::::::::::::::::::: Logger created ::::::::::::::::::::
2017-03-10 16:22:26,458   [ ERROR ]   [6840]Helper::parseJson:41 #   File 'D:\PyProject\setterdog\current.json' don't exist
2017-03-10 16:25:30,435   [ INFO ]   [6096]debug::__init__:51 #   :::::::::::::::::::: Logger created ::::::::::::::::::::
2017-03-10 16:25:30,435   [ ERROR ]   [6096]Helper::parseJson:41 #   File 'D:\PyProject\setterdog\current.json' don't exist
2017-03-10 16:32:35,926   [ INFO ]   [6252]debug::__init__:51 #   :::::::::::::::::::: Logger created ::::::::::::::::::::
2017-03-10 16:32:35,927   [ ERROR ]   [6252]Helper::parseJson:41 #   File 'D:\PyProject\setterdog\current.json' don't exist
2017-03-10 16:33:49,873   [ INFO ]   [6124]debug::__init__:51 #   :::::::::::::::::::: Logger created ::::::::::::::::::::
2017-03-10 16:33:49,874   [ ERROR ]   [6124]Helper::parseJson:41 #   File 'D:\PyProject\setterdog\current.json' don't exist
2017-03-10 16:33:55,522   [ INFO ]   [3044]debug::__init__:51 #   :::::::::::::::::::: Logger created ::::::::::::::::::::
2017-03-10 16:33:55,525   [ ERROR ]   [3044]Helper::parseJson:41 #   File 'D:\PyProject\setterdog\current.json' don't exist
2017-03-10 16:50:31,505   [ INFO ]   [7092]debug::__init__:51 #   :::::::::::::::::::: Logger created ::::::::::::::::::::
2017-03-10 16:50:31,505   [ ERROR ]   [7092]Helper::parseJson:41 #   File 'D:\PyProject\setterdog\current.json' don't exist
2017-03-10 17:01:26,934   [ INFO ]   [6932]debug::__init__:51 #   :::::::::::::::::::: Logger created ::::::::::::::::::::
2017-03-10 17:01:26,935   [ ERROR ]   [6932]Helper::parseJson:41 #   File 'D:\PyProject\setterdog\current.json' don't exist
2017-03-10 17:03:09,326   [ INFO ]   [6772]debug::__init__:51 #   :::::::::::::::::::: Logger created ::::::::::::::::::::
2017-03-10 17:03:09,326   [ ERROR ]   [6772]Helper::parseJson:41 #   File 'D:\PyProject\setterdog\current.json' don't exist
2017-03-10 17:03:25,805   [ INFO ]   [6012]debug::__init__:51 #   :::::::::::::::::::: Logger created ::::::::::::::::::::
2017-03-10 17:03:25,805   [ ERROR ]   [6012]Helper::parseJson:41 #   File 'D:\PyProject\setterdog\current.json' don't exist
2017-03-10 17:04:33,610   [ INFO ]   [6288]debug::__init__:51 #   :::::::::::::::::::: Logger created ::::::::::::::::::::
2017-03-10 17:04:33,611   [ ERROR ]   [6288]Helper::parseJson:41 #   File 'D:\PyProject\setterdog\current.json' don't exist
2017-03-10 17:14:07,255   [ INFO ]   [6924]debug::__init__:51 #   :::::::::::::::::::: Logger created ::::::::::::::::::::
2017-03-10 17:14:07,256   [ ERROR ]   [6924]Helper::parseJson:39 #   Invalid json file 'src\default_config3.json'
2017-03-10 17:14:07,256   [ CRITICAL ]   [6924]Configuration::__init__:19 #   Default config doesn't exist
2017-03-10 17:14:26,209   [ INFO ]   [5128]debug::__init__:51 #   :::::::::::::::::::: Logger created ::::::::::::::::::::
2017-03-10 17:14:26,209   [ ERROR ]   [5128]Helper::parseJson:41 #   File 'D:\PyProject\setterdog\current.json' don't exist
2017-03-10 17:20:37,309   [ INFO ]   [6664]debug::__init__:51 #   :::::::::::::::::::: Logger created ::::::::::::::::::::
2017-03-10 17:20:37,310   [ ERROR ]   [6664]Helper::parseJson:41 #   File 'D:\PyProject\setterdog\current.json' don't exist
2017-03-10 17:32:13,105   [ INFO ]   [7008]debug::__init__:51 #   :::::::::::::::::::: Logger created ::::::::::::::::::::
2017-03-10 17:32:13,106   [ ERROR ]   [7008]Helper::parseJson:41 #   File 'D:\PyProject\setterdog\current.json' don't exist
2017-03-10 17:41:32,617   [ INFO ]   [5712]debug::__init__:51 #   :::::::::::::::::::: Logger created ::::::::::::::::::::
2017-03-10 17:41:32,618   [ ERROR ]   [5712]Helper::parseJson:41 #   File 'D:\PyProject\setterdog\current.json' don't exist
2017-03-10 17:43:03,731   [ ERROR ]   [4160]Helper::parseJson:41 #   File 'D:\PyProject\setterdog\current.json' don't exist
2017-03-10 17:43:38,253   [ INFO ]   [5556]debug::__init__:51 #   :::::::::::::::::::: Logger created ::::::::::::::::::::
2017-03-10 17:43:38,253   [ ERROR ]   [5556]Helper::parseJson:41 #   File 'D:\PyProject\setterdog\current.json' don't exist
2017-03-10 17:48:46,174   [ ERROR ]   [6308]Helper::parseJson:41 #   File 'D:\PyProject\setterdog\current.json' don't exist
2017-03-10 17:48:54,578   [ INFO ]   [4084]debug::__init__:51 #   :::::::::::::::::::: Logger created ::::::::::::::::::::
2017-03-10 17:48:54,579   [ ERROR ]   [4084]Helper::parseJson:41 #   File 'D:\PyProject\setterdog\current.json' don't exist
2017-03-10 17:51:17,806   [ INFO ]   [6284]debug::__init__:51 #   :::::::::::::::::::: Logger created ::::::::::::::::::::
2017-03-10 17:51:17,807   [ ERROR ]   [6284]Helper::parseJson:41 #   File 'D:\PyProject\setterdog\current.json' don't exist
2017-03-10 17:53:10,432   [ INFO ]   [6800]debug::__init__:51 #   :::::::::::::::::::: Logger created ::::::::::::::::::::
2017-03-10 17:53:10,433   [ ERROR ]   [6800]Helper::parseJson:41 #   File 'D:\PyProject\setterdog\current.json' don't exist
2017-03-10 17:54:26,271   [ INFO ]   [6024]debug::__init__:51 #   :::::::::::::::::::: Logger created ::::::::::::::::::::
2017-03-10 17:54:26,272   [ ERROR ]   [6024]Helper::parseJson:41 #   File 'D:\PyProject\setterdog\current.json' don't exist
2017-03-10 17:55:43,995   [ INFO ]   [2440]debug::__init__:51 #   :::::::::::::::::::: Logger created ::::::::::::::::::::
2017-03-10 17:55:43,995   [ ERROR ]   [2440]Helper::parseJson:41 #   File 'D:\PyProject\setterdog\current.json' don't exist
2017-03-10 17:55:55,115   [ INFO ]   [348]debug::__init__:51 #   :::::::::::::::::::: Logger created ::::::::::::::::::::
2017-03-10 17:55:55,116   [ ERROR ]   [348]Helper::parseJson:41 #   File 'D:\PyProject\setterdog\current.json' don't exist
2017-03-10 17:59:34,226   [ CRITICAL ]   [4872]Configuration::__init__:19 #   Default config doesn't exist
2017-03-10 18:00:17,783   [ INFO ]   [1232]debug::__init__:51 #   :::::::::::::::::::: Logger created ::::::::::::::::::::
2017-03-10 18:00:17,784   [ ERROR ]   [1232]Helper::parseJson:41 #   File 'src\defult_config3.json' don't exist
2017-03-10 18:00:17,784   [ CRITICAL ]   [1232]Configuration::__init__:19 #   Default config doesn't exist
2017-03-10 18:03:45,343   [ INFO ]   [6252]debug::__init__:51 #   :::::::::::::::::::: Logger created ::::::::::::::::::::
2017-03-10 18:03:45,343   [ ERROR ]   [6252]Helper::parseJson:42 #   File 'src\defult_config3.json' don't exist
2017-03-10 18:03:45,343   [ CRITICAL ]   [6252]Configuration::__init__:19 #   Default config doesn't exist
2017-03-10 18:04:28,381   [ INFO ]   [4852]debug::__init__:51 #   :::::::::::::::::::: Logger created ::::::::::::::::::::
2017-03-10 18:04:28,381   [ ERROR ]   [4852]Helper::parseJson:42 #   File 'src\defult_config3.json' don't exist
2017-03-10 18:04:28,383   [ CRITICAL ]   [4852]Configuration::__init__:19 #   Default config doesn't exist
2017-03-13 09:24:52,046   [ INFO ]   [5420]debug::__init__:51 #   :::::::::::::::::::: Logger created ::::::::::::::::::::
2017-03-13 09:24:52,046   [ ERROR ]   [5420]Helper::parseJson:42 #   File 'src\defult_config3.json' don't exist
2017-03-13 09:24:52,047   [ CRITICAL ]   [5420]Configuration::__init__:19 #   Default config doesn't exist
2017-03-13 09:37:05,142   [ INFO ]   [8036]debug::__init__:51 #   :::::::::::::::::::: Logger created ::::::::::::::::::::
2017-03-13 09:37:05,142   [ ERROR ]   [8036]Helper::parseJson:42 #   File 'src\defult_config3.json' don't exist
2017-03-13 09:37:05,142   [ CRITICAL ]   [8036]Configuration::__init__:19 #   Default config doesn't exist
2017-03-13 10:32:57,692   [ INFO ]   [7852]debug::__init__:51 #   :::::::::::::::::::: Logger created ::::::::::::::::::::
2017-03-13 10:32:57,692   [ ERROR ]   [7852]Helper::parseJson:44 #   File 'D:\PyProject\setterdog\current.json' don't exist
2017-03-13 10:32:57,695   [ ERROR ]   [7852]StdoutData::getOutputData:34 #   [WinError 87] The parameter is incorrect
2017-03-13 10:32:57,696   [ ERROR ]   [7852]Helper::getAllMatches:87 #   expected string or bytes-like object
2017-03-13 10:32:57,696   [ ERROR ]   [7852]Analyzer::calculatePatternMatches:28 #   object of type 'NoneType' has no len()
2017-03-13 10:32:57,696   [ ERROR ]   [7852]Helper::getAllMatches:87 #   expected string or bytes-like object
2017-03-13 10:32:57,696   [ ERROR ]   [7852]Analyzer::calculatePatternMatches:28 #   object of type 'NoneType' has no len()
2017-03-13 10:35:15,332   [ INFO ]   [4604]debug::__init__:51 #   :::::::::::::::::::: Logger created ::::::::::::::::::::
2017-03-13 10:35:15,333   [ ERROR ]   [4604]Helper::parseJson:44 #   File 'D:\PyProject\setterdog\current.json' don't exist
2017-03-13 10:35:15,333   [ CRITICAL ]   [4604]StdoutData::getOutputData:34 #   [WinError 87] The parameter is incorrect
2017-03-13 10:35:15,334   [ ERROR ]   [4604]Helper::getAllMatches:87 #   expected string or bytes-like object
2017-03-13 10:35:15,334   [ ERROR ]   [4604]Analyzer::calculatePatternMatches:28 #   object of type 'NoneType' has no len()
2017-03-13 10:35:15,334   [ ERROR ]   [4604]Helper::getAllMatches:87 #   expected string or bytes-like object
2017-03-13 10:35:15,334   [ ERROR ]   [4604]Analyzer::calculatePatternMatches:28 #   object of type 'NoneType' has no len()
2017-03-13 10:35:50,928   [ INFO ]   [6512]debug::__init__:51 #   :::::::::::::::::::: Logger created ::::::::::::::::::::
2017-03-13 10:35:50,928   [ ERROR ]   [6512]Helper::parseJson:44 #   File 'D:\PyProject\setterdog\current.json' don't exist
2017-03-13 10:35:50,929   [ CRITICAL ]   [6512]StdoutData::getOutputData:34 #   [WinError 87] The parameter is incorrect
2017-03-13 10:37:14,704   [ INFO ]   [5256]debug::__init__:51 #   :::::::::::::::::::: Logger created ::::::::::::::::::::
2017-03-13 10:37:14,704   [ ERROR ]   [5256]Helper::parseJson:44 #   File 'D:\PyProject\setterdog\current.json' don't exist
2017-03-13 10:51:28,325   [ INFO ]   [6556]debug::__init__:51 #   :::::::::::::::::::: Logger created ::::::::::::::::::::
2017-03-13 10:51:28,326   [ ERROR ]   [6556]Helper::parseJson:44 #   File 'D:\PyProject\setterdog\current.json' don't exist
2017-03-13 10:56:18,259   [ INFO ]   [5412]debug::__init__:51 #   :::::::::::::::::::: Logger created ::::::::::::::::::::
2017-03-13 10:57:06,369   [ INFO ]   [7512]debug::__init__:51 #   :::::::::::::::::::: Logger created ::::::::::::::::::::
2017-03-13 10:57:09,405   [ ERROR ]   [7512]Analyzer::maxErrorCode:41 #   max() arg is an empty sequence
2017-03-13 11:18:37,130   [ INFO ]   [6884]debug::__init__:51 #   :::::::::::::::::::: Logger created ::::::::::::::::::::
2017-03-13 11:18:40,171   [ ERROR ]   [6884]Analyzer::maxErrorCode:42 #   max() arg is an empty sequence
2017-03-13 11:19:12,344   [ INFO ]   [7676]debug::__init__:51 #   :::::::::::::::::::: Logger created ::::::::::::::::::::
2017-03-13 11:19:15,378   [ ERROR ]   [7676]Analyzer::maxErrorCode:42 #   max() arg is an empty sequence
2017-03-13 11:19:59,469   [ INFO ]   [3380]debug::__init__:51 #   :::::::::::::::::::: Logger created ::::::::::::::::::::
2017-03-13 11:20:02,520   [ ERROR ]   [3380]Analyzer::maxErrorCode:42 #   max() arg is an empty sequence
2017-03-13 11:20:47,575   [ INFO ]   [5160]debug::__init__:51 #   :::::::::::::::::::: Logger created ::::::::::::::::::::
2017-03-13 11:21:01,776   [ INFO ]   [7380]debug::__init__:51 #   :::::::::::::::::::: Logger created ::::::::::::::::::::
2017-03-13 11:21:04,807   [ ERROR ]   [7380]Analyzer::maxErrorCode:42 #   max() arg is an empty sequence
2017-03-13 11:21:34,999   [ INFO ]   [3976]debug::__init__:51 #   :::::::::::::::::::: Logger created ::::::::::::::::::::
2017-03-13 11:21:38,031   [ ERROR ]   [3976]Analyzer::maxErrorCode:42 #   max() arg is an empty sequence
2017-03-13 11:25:02,721   [ INFO ]   [7340]debug::__init__:51 #   :::::::::::::::::::: Logger created ::::::::::::::::::::
2017-03-13 11:25:17,869   [ ERROR ]   [7340]Analyzer::maxErrorCode:42 #   max() arg is an empty sequence
2017-03-13 11:25:42,885   [ INFO ]   [4872]debug::__init__:51 #   :::::::::::::::::::: Logger created ::::::::::::::::::::
2017-03-13 11:33:25,781   [ INFO ]   [6912]debug::__init__:51 #   :::::::::::::::::::: Logger created ::::::::::::::::::::
2017-03-13 11:37:14,960   [ INFO ]   [7704]debug::__init__:51 #   :::::::::::::::::::: Logger created ::::::::::::::::::::
2017-03-13 16:24:52,352   [ INFO ]   [7672]debug::__init__:51 #   :::::::::::::::::::: Logger created ::::::::::::::::::::
2017-03-13 16:25:56,756   [ INFO ]   [6804]debug::__init__:51 #   :::::::::::::::::::: Logger created ::::::::::::::::::::
2017-03-13 16:26:49,356   [ INFO ]   [6092]debug::__init__:51 #   :::::::::::::::::::: Logger created ::::::::::::::::::::
2017-03-13 16:27:06,410   [ INFO ]   [7980]debug::__init__:51 #   :::::::::::::::::::: Logger created ::::::::::::::::::::
2017-03-13 16:27:37,972   [ INFO ]   [4980]debug::__init__:51 #   :::::::::::::::::::: Logger created ::::::::::::::::::::
2017-03-13 16:28:12,672   [ INFO ]   [6304]debug::__init__:51 #   :::::::::::::::::::: Logger created ::::::::::::::::::::
2017-03-13 16:28:28,222   [ INFO ]   [5364]debug::__init__:51 #   :::::::::::::::::::: Logger created ::::::::::::::::::::
2017-03-13 16:29:12,196   [ INFO ]   [6196]debug::__init__:51 #   :::::::::::::::::::: Logger created ::::::::::::::::::::
2017-03-13 16:30:00,798   [ INFO ]   [6336]debug::__init__:51 #   :::::::::::::::::::: Logger created ::::::::::::::::::::
2017-03-13 16:31:04,892   [ INFO ]   [2372]debug::__init__:51 #   :::::::::::::::::::: Logger created ::::::::::::::::::::
2017-03-13 16:35:24,757   [ INFO ]   [4344]debug::__init__:51 #   :::::::::::::::::::: Logger created ::::::::::::::::::::
2017-03-13 16:38:53,121   [ INFO ]   [7960]debug::__init__:51 #   :::::::::::::::::::: Logger created ::::::::::::::::::::
2017-03-13 16:49:56,782   [ INFO ]   [7476]debug::__init__:51 #   :::::::::::::::::::: Logger created ::::::::::::::::::::
2017-03-13 16:49:56,783   [ ERROR ]   [7476]Helper::parseJson:42 #   Invalid json file 'test\test_ping_google.json'
2017-03-13 16:49:56,785   [ CRITICAL ]   [7476]StdoutData::getOutputData:42 #   [WinError 87] The parameter is incorrect
2017-03-13 16:51:26,836   [ INFO ]   [7932]debug::__init__:51 #   :::::::::::::::::::: Logger created ::::::::::::::::::::
2017-03-13 16:51:26,836   [ ERROR ]   [7932]Helper::parseJson:42 #   Invalid json file 'test\\test_ping_google.json'
2017-03-13 16:51:26,838   [ CRITICAL ]   [7932]StdoutData::getOutputData:42 #   [WinError 87] The parameter is incorrect
2017-03-13 16:54:14,663   [ INFO ]   [6472]debug::__init__:51 #   :::::::::::::::::::: Logger created ::::::::::::::::::::
2017-03-13 16:56:48,545   [ INFO ]   [7680]debug::__init__:51 #   :::::::::::::::::::: Logger created ::::::::::::::::::::
2017-03-13 16:58:12,619   [ INFO ]   [7512]debug::__init__:51 #   :::::::::::::::::::: Logger created ::::::::::::::::::::
2017-03-13 17:04:34,257   [ INFO ]   [5312]debug::__init__:51 #   :::::::::::::::::::: Logger created ::::::::::::::::::::
2017-03-13 17:05:14,236   [ INFO ]   [6404]debug::__init__:51 #   :::::::::::::::::::: Logger created ::::::::::::::::::::
2017-03-13 17:05:14,236   [ ERROR ]   [6404]Helper::parseJson:42 #   Invalid json file 'test\test_ping_localhost.json'
2017-03-13 17:05:14,237   [ CRITICAL ]   [6404]StdoutData::getOutputData:42 #   [WinError 87] The parameter is incorrect
2017-03-13 17:06:10,359   [ INFO ]   [6884]debug::__init__:51 #   :::::::::::::::::::: Logger created ::::::::::::::::::::
2017-03-13 17:06:10,360   [ CRITICAL ]   [6884]Configuration::__init__:18 #   Default config doesn't exist
2017-03-13 17:06:40,980   [ INFO ]   [1380]debug::__init__:51 #   :::::::::::::::::::: Logger created ::::::::::::::::::::
2017-03-13 17:06:40,980   [ CRITICAL ]   [1380]Configuration::__init__:18 #   Default config doesn't exist
2017-03-13 17:08:16,058   [ INFO ]   [7928]debug::__init__:51 #   :::::::::::::::::::: Logger created ::::::::::::::::::::
2017-03-13 17:08:16,059   [ CRITICAL ]   [7928]Configuration::__init__:18 #   Default config doesn't exist
2017-03-13 17:08:40,177   [ INFO ]   [7104]debug::__init__:51 #   :::::::::::::::::::: Logger created ::::::::::::::::::::
2017-03-13 17:08:40,177   [ CRITICAL ]   [7104]Configuration::__init__:18 #   Default config doesn't exist
2017-03-13 17:09:34,768   [ INFO ]   [1152]debug::__init__:51 #   :::::::::::::::::::: Logger created ::::::::::::::::::::
2017-03-13 17:09:34,769   [ CRITICAL ]   [1152]Configuration::__init__:18 #   Default config doesn't exist
2017-03-13 17:10:27,878   [ INFO ]   [6820]debug::__init__:51 #   :::::::::::::::::::: Logger created ::::::::::::::::::::
2017-03-13 17:10:27,878   [ CRITICAL ]   [6820]Configuration::__init__:18 #   Default config doesn't exist
2017-03-13 17:10:49,912   [ INFO ]   [7820]debug::__init__:51 #   :::::::::::::::::::: Logger created ::::::::::::::::::::
2017-03-13 17:10:49,912   [ CRITICAL ]   [7820]Configuration::__init__:18 #   Default config doesn't exist
2017-03-13 17:11:11,822   [ INFO ]   [5512]debug::__init__:51 #   :::::::::::::::::::: Logger created ::::::::::::::::::::
2017-03-13 17:11:11,823   [ CRITICAL ]   [5512]Configuration::__init__:18 #   Default config doesn't exist
2017-03-13 17:11:29,798   [ INFO ]   [6648]debug::__init__:51 #   :::::::::::::::::::: Logger created ::::::::::::::::::::
2017-03-13 17:11:45,160   [ INFO ]   [4292]debug::__init__:51 #   :::::::::::::::::::: Logger created ::::::::::::::::::::
2017-03-13 17:11:56,933   [ INFO ]   [6264]debug::__init__:51 #   :::::::::::::::::::: Logger created ::::::::::::::::::::
2017-03-13 17:11:56,933   [ CRITICAL ]   [6264]Configuration::__init__:18 #   Default config doesn't exist
2017-03-13 17:13:44,102   [ INFO ]   [6508]debug::__init__:51 #   :::::::::::::::::::: Logger created ::::::::::::::::::::
2017-03-13 17:13:44,103   [ CRITICAL ]   [6508]Configuration::__init__:18 #   Default config doesn't exist
2017-03-13 17:14:15,274   [ INFO ]   [7816]debug::__init__:51 #   :::::::::::::::::::: Logger created ::::::::::::::::::::
2017-03-13 17:14:15,274   [ CRITICAL ]   [7816]Configuration::__init__:18 #   Default config doesn't exist
2017-03-13 17:14:43,579   [ INFO ]   [4648]debug::__init__:51 #   :::::::::::::::::::: Logger created ::::::::::::::::::::
2017-03-13 17:14:43,580   [ CRITICAL ]   [4648]Configuration::__init__:18 #   Default config doesn't exist
2017-03-13 17:14:45,536   [ INFO ]   [7428]debug::__init__:51 #   :::::::::::::::::::: Logger created ::::::::::::::::::::
2017-03-13 17:14:45,537   [ CRITICAL ]   [7428]Configuration::__init__:18 #   Default config doesn't exist
2017-03-13 17:15:00,381   [ INFO ]   [7480]debug::__init__:51 #   :::::::::::::::::::: Logger created ::::::::::::::::::::
2017-03-13 17:15:00,382   [ CRITICAL ]   [7480]Configuration::__init__:18 #   Default config doesn't exist
2017-03-13 17:15:01,589   [ INFO ]   [7180]debug::__init__:51 #   :::::::::::::::::::: Logger created ::::::::::::::::::::
2017-03-13 17:15:01,589   [ CRITICAL ]   [7180]Configuration::__init__:18 #   Default config doesn't exist
2017-03-13 17:15:20,532   [ INFO ]   [6628]debug::__init__:51 #   :::::::::::::::::::: Logger created ::::::::::::::::::::
2017-03-13 17:15:49,128   [ INFO ]   [7776]debug::__init__:51 #   :::::::::::::::::::: Logger created ::::::::::::::::::::
2017-03-13 17:16:11,318   [ INFO ]   [7332]debug::__init__:51 #   :::::::::::::::::::: Logger created ::::::::::::::::::::
2017-03-13 17:16:38,393   [ INFO ]   [796]debug::__init__:51 #   :::::::::::::::::::: Logger created ::::::::::::::::::::
2017-03-13 17:21:18,999   [ INFO ]   [6232]debug::__init__:51 #   :::::::::::::::::::: Logger created ::::::::::::::::::::
2017-03-13 17:21:28,133   [ INFO ]   [6008]debug::__init__:51 #   :::::::::::::::::::: Logger created ::::::::::::::::::::
2017-03-13 17:21:42,140   [ INFO ]   [7884]debug::__init__:51 #   :::::::::::::::::::: Logger created ::::::::::::::::::::
2017-03-13 17:21:42,140   [ CRITICAL ]   [7884]Configuration::__init__:18 #   Default config doesn't exist
2017-03-13 17:29:57,267   [ INFO ]   [6924]debug::__init__:51 #   :::::::::::::::::::: Logger created ::::::::::::::::::::
2017-03-13 17:29:57,267   [ CRITICAL ]   [6924]Configuration::__init__:18 #   Default config doesn't exist
2017-03-13 17:30:26,214   [ INFO ]   [6296]debug::__init__:51 #   :::::::::::::::::::: Logger created ::::::::::::::::::::
2017-03-13 17:30:26,214   [ ERROR ]   [6296]Helper::parseJson:42 #   Invalid json file 'test\test_ping.json'
2017-03-13 17:30:26,216   [ CRITICAL ]   [6296]StdoutData::getOutputData:42 #   [WinError 87] The parameter is incorrect
2017-03-13 17:31:12,309   [ INFO ]   [3928]debug::__init__:51 #   :::::::::::::::::::: Logger created ::::::::::::::::::::
2017-03-13 17:31:12,310   [ ERROR ]   [3928]Helper::parseJson:42 #   Invalid json file 'test\test_ping.json'
2017-03-13 17:31:12,311   [ CRITICAL ]   [3928]StdoutData::getOutputData:42 #   [WinError 87] The parameter is incorrect
2017-03-13 17:31:46,786   [ INFO ]   [5364]debug::__init__:51 #   :::::::::::::::::::: Logger created ::::::::::::::::::::
2017-03-13 17:31:46,787   [ ERROR ]   [5364]Helper::parseJson:42 #   Invalid json file 'test\test_ping.json'
2017-03-13 17:31:46,788   [ CRITICAL ]   [5364]StdoutData::getOutputData:42 #   [WinError 87] The parameter is incorrect
2017-03-13 17:33:24,014   [ INFO ]   [8080]debug::__init__:51 #   :::::::::::::::::::: Logger created ::::::::::::::::::::
2017-03-13 17:33:24,015   [ ERROR ]   [8080]Helper::parseJson:42 #   Invalid json file 'test\test_ping.json'
2017-03-13 17:33:24,017   [ CRITICAL ]   [8080]StdoutData::getOutputData:42 #   [WinError 87] The parameter is incorrect
2017-03-13 17:34:23,115   [ INFO ]   [6032]debug::__init__:51 #   :::::::::::::::::::: Logger created ::::::::::::::::::::
2017-03-13 17:34:23,115   [ ERROR ]   [6032]Helper::parseJson:42 #   Invalid json file 'test\test_ping.json'
2017-03-13 17:34:23,117   [ CRITICAL ]   [6032]StdoutData::getOutputData:42 #   [WinError 87] The parameter is incorrect
2017-03-13 17:34:41,019   [ INFO ]   [6256]debug::__init__:51 #   :::::::::::::::::::: Logger created ::::::::::::::::::::
2017-03-13 17:34:41,020   [ ERROR ]   [6256]Helper::parseJson:42 #   Invalid json file 'test\test_ping.json'
2017-03-13 17:34:41,021   [ CRITICAL ]   [6256]StdoutData::getOutputData:42 #   [WinError 87] The parameter is incorrect
2017-03-13 17:41:51,717   [ INFO ]   [6108]debug::__init__:51 #   :::::::::::::::::::: Logger created ::::::::::::::::::::
2017-03-13 17:41:51,717   [ ERROR ]   [6108]Helper::parseJson:42 #   Invalid json file 'test\test_ping.json'
2017-03-13 17:41:51,719   [ CRITICAL ]   [6108]StdoutData::getOutputData:42 #   [WinError 87] The parameter is incorrect
2017-03-13 17:42:04,873   [ INFO ]   [6124]debug::__init__:51 #   :::::::::::::::::::: Logger created ::::::::::::::::::::
2017-03-13 17:42:04,874   [ ERROR ]   [6124]Helper::parseJson:42 #   Invalid json file 'test\test_ping.json'
2017-03-13 17:42:04,875   [ CRITICAL ]   [6124]StdoutData::getOutputData:42 #   [WinError 87] The parameter is incorrect
2017-03-13 17:44:33,955   [ INFO ]   [7304]debug::__init__:51 #   :::::::::::::::::::: Logger created ::::::::::::::::::::
2017-03-13 17:44:33,956   [ ERROR ]   [7304]Helper::parseJson:42 #   Invalid json file 'test\test_ping.json'
2017-03-13 17:44:33,958   [ CRITICAL ]   [7304]StdoutData::getOutputData:42 #   [WinError 87] The parameter is incorrect
2017-03-13 17:45:57,652   [ INFO ]   [7460]debug::__init__:51 #   :::::::::::::::::::: Logger created ::::::::::::::::::::
2017-03-13 17:45:57,653   [ ERROR ]   [7460]Helper::parseJson:42 #   Invalid json file 'test\test_ping.json'
2017-03-13 17:45:57,654   [ CRITICAL ]   [7460]StdoutData::getOutputData:42 #   [WinError 87] The parameter is incorrect
2017-03-13 17:46:23,090   [ INFO ]   [7120]debug::__init__:51 #   :::::::::::::::::::: Logger created ::::::::::::::::::::
2017-03-13 17:46:23,090   [ ERROR ]   [7120]Helper::parseJson:42 #   Invalid json file 'test\test_ping.json'
2017-03-13 17:46:23,092   [ CRITICAL ]   [7120]StdoutData::getOutputData:42 #   [WinError 87] The parameter is incorrect
2017-03-13 17:46:37,948   [ INFO ]   [3044]debug::__init__:51 #   :::::::::::::::::::: Logger created ::::::::::::::::::::
2017-03-13 17:46:37,949   [ ERROR ]   [3044]Helper::parseJson:42 #   Invalid json file 'test\test_ping.json'
2017-03-13 17:46:37,950   [ CRITICAL ]   [3044]StdoutData::getOutputData:42 #   [WinError 87] The parameter is incorrect
2017-03-13 17:46:47,846   [ INFO ]   [7912]debug::__init__:51 #   :::::::::::::::::::: Logger created ::::::::::::::::::::
2017-03-13 17:56:03,649   [ INFO ]   [5948]debug::__init__:51 #   :::::::::::::::::::: Logger created ::::::::::::::::::::
2017-03-13 17:56:03,649   [ ERROR ]   [5948]Helper::parseJson:42 #   Invalid json file 'test\test_ping.json'
2017-03-13 17:56:03,650   [ CRITICAL ]   [5948]StdoutData::getOutputData:42 #   [WinError 87] The parameter is incorrect
2017-03-13 17:58:55,332   [ INFO ]   [6268]debug::__init__:51 #   :::::::::::::::::::: Logger created ::::::::::::::::::::
2017-03-13 17:58:55,333   [ ERROR ]   [6268]Helper::parseJson:42 #   Invalid json file 'test\test_ping.json'
2017-03-13 17:58:55,335   [ CRITICAL ]   [6268]StdoutData::getOutputData:42 #   [WinError 87] The parameter is incorrect
2017-03-13 18:00:12,104   [ INFO ]   [6632]debug::__init__:51 #   :::::::::::::::::::: Logger created ::::::::::::::::::::
2017-03-13 18:00:12,105   [ ERROR ]   [6632]Helper::parseJson:42 #   Invalid json file 'test\test_ping.json'
2017-03-13 18:00:12,106   [ CRITICAL ]   [6632]StdoutData::getOutputData:42 #   [WinError 87] The parameter is incorrect
2017-03-13 18:03:52,731   [ INFO ]   [6744]debug::__init__:51 #   :::::::::::::::::::: Logger created ::::::::::::::::::::
2017-03-13 18:03:52,731   [ ERROR ]   [6744]Helper::parseJson:42 #   Invalid json file 'test\test_ping.json'
2017-03-13 18:03:52,733   [ CRITICAL ]   [6744]StdoutData::getOutputData:42 #   [WinError 87] The parameter is incorrect
2017-03-13 18:04:06,530   [ INFO ]   [5076]debug::__init__:51 #   :::::::::::::::::::: Logger created ::::::::::::::::::::
2017-03-13 18:04:06,531   [ ERROR ]   [5076]Helper::parseJson:42 #   Invalid json file 'test\test_ping.json'
2017-03-13 18:04:06,532   [ CRITICAL ]   [5076]StdoutData::getOutputData:42 #   [WinError 87] The parameter is incorrect
2017-03-14 09:51:30,188   [ INFO ]   [7692]debug::__init__:51 #   :::::::::::::::::::: Logger created ::::::::::::::::::::
2017-03-14 09:52:32,121   [ INFO ]   [4104]debug::__init__:51 #   :::::::::::::::::::: Logger created ::::::::::::::::::::
2017-03-14 09:57:44,935   [ INFO ]   [4992]debug::__init__:51 #   :::::::::::::::::::: Logger created ::::::::::::::::::::
2017-03-14 09:57:44,936   [ ERROR ]   [4992]Helper::parseJson:42 #   Invalid json file 'test\test_fail_ping_localhost.json'
2017-03-14 09:57:44,938   [ CRITICAL ]   [4992]StdoutData::getOutputData:42 #   [WinError 87] The parameter is incorrect
2017-03-14 09:59:01,940   [ INFO ]   [6252]debug::__init__:51 #   :::::::::::::::::::: Logger created ::::::::::::::::::::
2017-03-14 09:59:01,941   [ ERROR ]   [6252]Helper::parseJson:42 #   Invalid json file 'test\test_fail_ping_localhost.json'
2017-03-14 09:59:01,942   [ CRITICAL ]   [6252]StdoutData::getOutputData:42 #   [WinError 87] The parameter is incorrect
2017-03-14 10:02:32,891   [ INFO ]   [6948]debug::__init__:51 #   :::::::::::::::::::: Logger created ::::::::::::::::::::
2017-03-14 10:03:33,776   [ INFO ]   [7536]debug::__init__:51 #   :::::::::::::::::::: Logger created ::::::::::::::::::::
2017-03-14 10:03:33,778   [ CRITICAL ]   [7536]StdoutData::getOutputData:42 #   [WinError 87] The parameter is incorrect
2017-03-14 10:03:58,795   [ INFO ]   [6596]debug::__init__:51 #   :::::::::::::::::::: Logger created ::::::::::::::::::::
2017-03-14 10:03:58,796   [ CRITICAL ]   [6596]StdoutData::getOutputData:42 #   [WinError 87] The parameter is incorrect
2017-03-14 10:07:26,192   [ INFO ]   [5560]debug::__init__:51 #   :::::::::::::::::::: Logger created ::::::::::::::::::::
2017-03-14 10:20:27,558   [ INFO ]   [5896]debug::__init__:51 #   :::::::::::::::::::: Logger created ::::::::::::::::::::
2017-03-14 10:21:20,502   [ INFO ]   [7704]debug::__init__:51 #   :::::::::::::::::::: Logger created ::::::::::::::::::::
2017-03-14 10:33:42,656   [ INFO ]   [5300]debug::__init__:51 #   :::::::::::::::::::: Logger created ::::::::::::::::::::
2017-03-14 10:50:34,842   [ INFO ]   [5976]debug::__init__:51 #   :::::::::::::::::::: Logger created ::::::::::::::::::::
2017-03-14 10:50:34,842   [ ERROR ]   [5976]Helper::parseJson:42 #   Invalid json file 'test\test_fail_ping_localhost.json'
2017-03-14 10:50:34,845   [ CRITICAL ]   [5976]StdoutData::getOutputData:42 #   [WinError 87] The parameter is incorrect
2017-03-14 10:50:43,883   [ INFO ]   [6080]debug::__init__:51 #   :::::::::::::::::::: Logger created ::::::::::::::::::::
2017-03-14 10:50:43,885   [ CRITICAL ]   [6080]StdoutData::getOutputData:42 #   [WinError 87] The parameter is incorrect
2017-03-14 10:56:18,856   [ INFO ]   [1308]debug::__init__:51 #   :::::::::::::::::::: Logger created ::::::::::::::::::::
2017-03-14 10:56:30,404   [ INFO ]   [8024]debug::__init__:51 #   :::::::::::::::::::: Logger created ::::::::::::::::::::
2017-03-14 10:56:30,405   [ ERROR ]   [8024]Helper::parseJson:42 #   Invalid json file 'test\test_fail_ping_localhost.json'
2017-03-14 10:56:30,407   [ CRITICAL ]   [8024]StdoutData::getOutputData:42 #   [WinError 87] The parameter is incorrect
2017-03-14 10:56:36,228   [ INFO ]   [5172]debug::__init__:51 #   :::::::::::::::::::: Logger created ::::::::::::::::::::
2017-03-14 10:56:36,229   [ CRITICAL ]   [5172]StdoutData::getOutputData:42 #   [WinError 87] The parameter is incorrect
2017-03-14 10:56:41,772   [ INFO ]   [1232]debug::__init__:51 #   :::::::::::::::::::: Logger created ::::::::::::::::::::
2017-03-14 10:58:04,981   [ INFO ]   [6236]debug::__init__:51 #   :::::::::::::::::::: Logger created ::::::::::::::::::::
2017-03-14 10:58:04,983   [ CRITICAL ]   [6236]StdoutData::getOutputData:42 #   [WinError 87] The parameter is incorrect
2017-03-14 10:58:11,926   [ INFO ]   [6696]debug::__init__:51 #   :::::::::::::::::::: Logger created ::::::::::::::::::::
2017-03-14 10:58:11,928   [ CRITICAL ]   [6696]StdoutData::getOutputData:42 #   [WinError 87] The parameter is incorrect
2017-03-14 11:07:20,412   [ INFO ]   [4524]debug::__init__:51 #   :::::::::::::::::::: Logger created ::::::::::::::::::::
2017-03-14 11:07:33,219   [ INFO ]   [1572]debug::__init__:51 #   :::::::::::::::::::: Logger created ::::::::::::::::::::
2017-03-14 11:07:33,219   [ ERROR ]   [1572]Helper::parseJson:42 #   Invalid json file 'test\test_fail_ping_localhost.json'
2017-03-14 11:07:33,221   [ CRITICAL ]   [1572]StdoutData::getOutputData:42 #   [WinError 87] The parameter is incorrect
2017-03-14 11:07:42,293   [ INFO ]   [7596]debug::__init__:51 #   :::::::::::::::::::: Logger created ::::::::::::::::::::
2017-03-14 11:07:42,295   [ CRITICAL ]   [7596]StdoutData::getOutputData:42 #   [WinError 87] The parameter is incorrect
2017-03-14 11:09:05,892   [ INFO ]   [7572]debug::__init__:51 #   :::::::::::::::::::: Logger created ::::::::::::::::::::
2017-03-14 11:09:05,893   [ ERROR ]   [7572]Helper::parseJson:42 #   Invalid json file 'test\test_fail_ping_localhost.json'
2017-03-14 11:09:05,895   [ CRITICAL ]   [7572]StdoutData::getOutputData:42 #   [WinError 87] The parameter is incorrect
2017-03-14 11:09:14,581   [ INFO ]   [5000]debug::__init__:51 #   :::::::::::::::::::: Logger created ::::::::::::::::::::
2017-03-14 11:09:14,583   [ CRITICAL ]   [5000]StdoutData::getOutputData:42 #   [WinError 87] The parameter is incorrect
2017-03-14 11:20:33,640   [ INFO ]   [1972]debug::__init__:51 #   :::::::::::::::::::: Logger created ::::::::::::::::::::
2017-03-14 11:20:33,640   [ ERROR ]   [1972]Helper::parseJson:42 #   Invalid json file 'test\test_fail_ping_localhost.json'
2017-03-14 11:20:33,642   [ CRITICAL ]   [1972]StdoutData::getOutputData:42 #   [WinError 87] The parameter is incorrect
2017-03-14 11:21:12,380   [ INFO ]   [6300]debug::__init__:51 #   :::::::::::::::::::: Logger created ::::::::::::::::::::
2017-03-14 11:21:12,381   [ ERROR ]   [6300]Helper::parseJson:42 #   Invalid json file 'test\test_fail_ping_localhost.json'
2017-03-14 11:21:12,382   [ CRITICAL ]   [6300]StdoutData::getOutputData:42 #   [WinError 87] The parameter is incorrect
2017-03-14 11:21:14,037   [ INFO ]   [4668]debug::__init__:51 #   :::::::::::::::::::: Logger created ::::::::::::::::::::
2017-03-14 11:21:14,038   [ ERROR ]   [4668]Helper::parseJson:42 #   Invalid json file 'test\test_fail_ping_localhost.json'
2017-03-14 11:21:14,040   [ CRITICAL ]   [4668]StdoutData::getOutputData:42 #   [WinError 87] The parameter is incorrect
2017-03-14 11:21:19,545   [ INFO ]   [976]debug::__init__:51 #   :::::::::::::::::::: Logger created ::::::::::::::::::::
2017-03-14 11:21:19,546   [ ERROR ]   [976]Helper::parseJson:42 #   Invalid json file 'test\test_fail_ping_localhost.json'
2017-03-14 11:21:19,547   [ CRITICAL ]   [976]StdoutData::getOutputData:42 #   [WinError 87] The parameter is incorrect
2017-03-14 11:22:07,781   [ INFO ]   [7320]debug::__init__:51 #   :::::::::::::::::::: Logger created ::::::::::::::::::::
2017-03-14 11:22:14,245   [ INFO ]   [4012]debug::__init__:51 #   :::::::::::::::::::: Logger created ::::::::::::::::::::
2017-03-14 11:22:14,246   [ ERROR ]   [4012]Helper::parseJson:42 #   Invalid json file 'test\test_fail_ping_localhost.json'
2017-03-14 11:22:14,247   [ CRITICAL ]   [4012]StdoutData::getOutputData:42 #   [WinError 87] The parameter is incorrect
2017-03-14 11:22:22,844   [ INFO ]   [7368]debug::__init__:51 #   :::::::::::::::::::: Logger created ::::::::::::::::::::
2017-03-14 11:22:22,845   [ ERROR ]   [7368]Helper::parseJson:42 #   Invalid json file 'test\test_fail_ping_localhost.json'
2017-03-14 11:22:22,846   [ CRITICAL ]   [7368]StdoutData::getOutputData:42 #   [WinError 87] The parameter is incorrect
2017-03-14 11:22:23,706   [ INFO ]   [4868]debug::__init__:51 #   :::::::::::::::::::: Logger created ::::::::::::::::::::
2017-03-14 11:22:23,706   [ ERROR ]   [4868]Helper::parseJson:42 #   Invalid json file 'test\test_fail_ping_localhost.json'
2017-03-14 11:22:23,707   [ CRITICAL ]   [4868]StdoutData::getOutputData:42 #   [WinError 87] The parameter is incorrect
2017-03-14 11:22:24,472   [ INFO ]   [7320]debug::__init__:51 #   :::::::::::::::::::: Logger created ::::::::::::::::::::
2017-03-14 11:22:24,473   [ ERROR ]   [7320]Helper::parseJson:42 #   Invalid json file 'test\test_fail_ping_localhost.json'
2017-03-14 11:22:24,475   [ CRITICAL ]   [7320]StdoutData::getOutputData:42 #   [WinError 87] The parameter is incorrect
2017-03-16 18:46:08,675   [ INFO ]   [3635]debug::__init__:51 #   :::::::::::::::::::: Logger created ::::::::::::::::::::
2017-03-16 18:46:08,675   [ CRITICAL ]   [3635]Configuration::__init__:18 #   Default config doesn't exist
2017-03-16 18:46:37,886   [ INFO ]   [3650]debug::__init__:51 #   :::::::::::::::::::: Logger created ::::::::::::::::::::
2017-03-16 18:46:37,887   [ CRITICAL ]   [3650]Configuration::__init__:18 #   Default config doesn't exist
2017-03-16 18:46:49,544   [ INFO ]   [3664]debug::__init__:51 #   :::::::::::::::::::: Logger created ::::::::::::::::::::
2017-03-16 18:46:49,545   [ CRITICAL ]   [3664]Configuration::__init__:18 #   Default config doesn't exist
2017-03-16 18:47:20,132   [ INFO ]   [3680]debug::__init__:51 #   :::::::::::::::::::: Logger created ::::::::::::::::::::
2017-03-16 18:47:20,132   [ CRITICAL ]   [3680]Configuration::__init__:18 #   Default config doesn't exist
2017-03-16 18:47:50,406   [ INFO ]   [3708]debug::__init__:51 #   :::::::::::::::::::: Logger created ::::::::::::::::::::
2017-03-16 18:47:50,408   [ CRITICAL ]   [3708]StdoutData::getOutputData:42 #   [Errno 2] No such file or directory: 'ping localhost'
2017-03-16 18:48:39,260   [ INFO ]   [3724]debug::__init__:51 #   :::::::::::::::::::: Logger created ::::::::::::::::::::
2017-03-16 18:49:11,199   [ CRITICAL ]   [3724]StdoutData::getOutputData:42 #   [Errno 2] No such file or directory: 'ping localhost'
2017-03-16 18:49:19,186   [ INFO ]   [3746]debug::__init__:51 #   :::::::::::::::::::: Logger created ::::::::::::::::::::
2017-03-16 18:49:19,188   [ CRITICAL ]   [3746]StdoutData::getOutputData:42 #   [Errno 2] No such file or directory: 'ping localhost'
2017-03-16 18:54:41,809   [ INFO ]   [3811]debug::__init__:51 #   :::::::::::::::::::: Logger created ::::::::::::::::::::
2017-03-16 18:55:16,643   [ INFO ]   [3840]debug::__init__:51 #   :::::::::::::::::::: Logger created ::::::::::::::::::::
2017-03-16 18:57:52,564   [ INFO ]   [3924]debug::__init__:51 #   :::::::::::::::::::: Logger created ::::::::::::::::::::
2017-03-16 18:58:11,667   [ INFO ]   [3946]debug::__init__:51 #   :::::::::::::::::::: Logger created ::::::::::::::::::::
2017-03-16 19:01:37,710   [ INFO ]   [4027]debug::__init__:51 #   :::::::::::::::::::: Logger created ::::::::::::::::::::
